<?xml version="1.0" encoding="UTF-8"?>
<testng-results ignored="0" total="0" passed="0" failed="0" skipped="0">
  <reporter-output>
  </reporter-output>
  <suite started-at="2019-06-02T19:41:39Z" name="qa.edureka.AppTest" finished-at="2019-06-02T19:41:39Z" duration-ms="8">
    <groups>
    </groups>
    <test started-at="2019-06-02T19:41:39Z" name="Command line test" finished-at="2019-06-02T19:41:39Z" duration-ms="8">
    </test> <!-- Command line test -->
  </suite> <!-- qa.edureka.AppTest -->
</testng-results>
